{"/Users/alejandrotoledo/Documents/Study Books, projects and notes/React Deisgn Patterns and best practices/testing and debugging/src/Hello.tsx": {"path":"/Users/alejandrotoledo/Documents/Study Books, projects and notes/React Deisgn Patterns and best practices/testing and debugging/src/Hello.tsx","statementMap":{"0":{"start":{"line":7,"column":25},"end":{"line":9,"column":1}},"1":{"start":{"line":8,"column":2},"end":{"line":8,"column":60}},"2":{"start":{"line":11,"column":0},"end":{"line":11,"column":21}}},"fnMap":{"0":{"name":"(anonymous_0)","decl":{"start":{"line":7,"column":25},"end":{"line":7,"column":26}},"loc":{"start":{"line":7,"column":38},"end":{"line":9,"column":1}}}},"branchMap":{"0":{"loc":{"start":{"line":8,"column":38},"end":{"line":8,"column":53}},"type":"binary-expr","locations":[{"start":{"line":8,"column":38},"end":{"line":8,"column":42}},{"start":{"line":8,"column":46},"end":{"line":8,"column":53}}]}},"s":{"0":1,"1":3,"2":1},"f":{"0":3},"b":{"0":[3,2]}}
}
